[ERROR] 2017-02-16 13:37:21,204                                  root     - 用户名或密码错误！
javax.mail.AuthenticationFailedException: 530 Error: A secure connection is requiered(such as ssl). More information at http://service.mail.qq.com/cgi-bin/help?id=28

	at com.sun.mail.smtp.SMTPTransport$Authenticator.authenticate(SMTPTransport.java:843)
	at com.sun.mail.smtp.SMTPTransport.authenticate(SMTPTransport.java:765)
	at com.sun.mail.smtp.SMTPTransport.protocolConnect(SMTPTransport.java:687)
	at javax.mail.Service.connect(Service.java:367)
	at javax.mail.Service.connect(Service.java:226)
	at javax.mail.Service.connect(Service.java:175)
	at javax.mail.Transport.send0(Transport.java:253)
	at javax.mail.Transport.send(Transport.java:124)
	at com.ebook.utils.EmailUtils.sendEmail(EmailUtils.java:50)
	at com.ebook.utils.EmailUtils.sendEmail(EmailUtils.java:101)
	at com.ebook.test.TestSendEmail.readProperties(TestSendEmail.java:84)
	at sun.reflect.NativeMethodAccessorImpl.invoke0(Native Method)
	at sun.reflect.NativeMethodAccessorImpl.invoke(Unknown Source)
	at sun.reflect.DelegatingMethodAccessorImpl.invoke(Unknown Source)
	at java.lang.reflect.Method.invoke(Unknown Source)
	at org.junit.runners.model.FrameworkMethod$1.runReflectiveCall(FrameworkMethod.java:47)
	at org.junit.internal.runners.model.ReflectiveCallable.run(ReflectiveCallable.java:12)
	at org.junit.runners.model.FrameworkMethod.invokeExplosively(FrameworkMethod.java:44)
	at org.junit.internal.runners.statements.InvokeMethod.evaluate(InvokeMethod.java:17)
	at org.junit.runners.ParentRunner.runLeaf(ParentRunner.java:271)
	at org.junit.runners.BlockJUnit4ClassRunner.runChild(BlockJUnit4ClassRunner.java:70)
	at org.junit.runners.BlockJUnit4ClassRunner.runChild(BlockJUnit4ClassRunner.java:50)
	at org.junit.runners.ParentRunner$3.run(ParentRunner.java:238)
	at org.junit.runners.ParentRunner$1.schedule(ParentRunner.java:63)
	at org.junit.runners.ParentRunner.runChildren(ParentRunner.java:236)
	at org.junit.runners.ParentRunner.access$000(ParentRunner.java:53)
	at org.junit.runners.ParentRunner$2.evaluate(ParentRunner.java:229)
	at org.junit.runners.ParentRunner.run(ParentRunner.java:309)
	at org.eclipse.jdt.internal.junit4.runner.JUnit4TestReference.run(JUnit4TestReference.java:50)
	at org.eclipse.jdt.internal.junit.runner.TestExecution.run(TestExecution.java:38)
	at org.eclipse.jdt.internal.junit.runner.RemoteTestRunner.runTests(RemoteTestRunner.java:459)
	at org.eclipse.jdt.internal.junit.runner.RemoteTestRunner.runTests(RemoteTestRunner.java:675)
	at org.eclipse.jdt.internal.junit.runner.RemoteTestRunner.run(RemoteTestRunner.java:382)
	at org.eclipse.jdt.internal.junit.runner.RemoteTestRunner.main(RemoteTestRunner.java:192)
[INFO ] 2017-02-16 13:37:21,208                                  root     - 发送成功。
[ERROR] 2017-02-16 13:46:30,481                                  root     - 设置邮件内容失败！
com.sun.mail.util.MailConnectException: Couldn't connect to host, port: smtp.qq.com, 465; timeout -1;
  nested exception is:
	java.net.UnknownHostException: smtp.qq.com
	at com.sun.mail.smtp.SMTPTransport.openServer(SMTPTransport.java:1984)
	at com.sun.mail.smtp.SMTPTransport.protocolConnect(SMTPTransport.java:656)
	at javax.mail.Service.connect(Service.java:367)
	at javax.mail.Service.connect(Service.java:226)
	at javax.mail.Service.connect(Service.java:175)
	at javax.mail.Transport.send0(Transport.java:253)
	at javax.mail.Transport.send(Transport.java:124)
	at com.ebook.utils.EmailUtils.sendEmail(EmailUtils.java:50)
	at com.ebook.utils.EmailUtils.sendEmail(EmailUtils.java:101)
	at com.ebook.test.TestSendEmail.readProperties(TestSendEmail.java:92)
	at sun.reflect.NativeMethodAccessorImpl.invoke0(Native Method)
	at sun.reflect.NativeMethodAccessorImpl.invoke(Unknown Source)
	at sun.reflect.DelegatingMethodAccessorImpl.invoke(Unknown Source)
	at java.lang.reflect.Method.invoke(Unknown Source)
	at org.junit.runners.model.FrameworkMethod$1.runReflectiveCall(FrameworkMethod.java:47)
	at org.junit.internal.runners.model.ReflectiveCallable.run(ReflectiveCallable.java:12)
	at org.junit.runners.model.FrameworkMethod.invokeExplosively(FrameworkMethod.java:44)
	at org.junit.internal.runners.statements.InvokeMethod.evaluate(InvokeMethod.java:17)
	at org.junit.runners.ParentRunner.runLeaf(ParentRunner.java:271)
	at org.junit.runners.BlockJUnit4ClassRunner.runChild(BlockJUnit4ClassRunner.java:70)
	at org.junit.runners.BlockJUnit4ClassRunner.runChild(BlockJUnit4ClassRunner.java:50)
	at org.junit.runners.ParentRunner$3.run(ParentRunner.java:238)
	at org.junit.runners.ParentRunner$1.schedule(ParentRunner.java:63)
	at org.junit.runners.ParentRunner.runChildren(ParentRunner.java:236)
	at org.junit.runners.ParentRunner.access$000(ParentRunner.java:53)
	at org.junit.runners.ParentRunner$2.evaluate(ParentRunner.java:229)
	at org.junit.runners.ParentRunner.run(ParentRunner.java:309)
	at org.eclipse.jdt.internal.junit4.runner.JUnit4TestReference.run(JUnit4TestReference.java:50)
	at org.eclipse.jdt.internal.junit.runner.TestExecution.run(TestExecution.java:38)
	at org.eclipse.jdt.internal.junit.runner.RemoteTestRunner.runTests(RemoteTestRunner.java:459)
	at org.eclipse.jdt.internal.junit.runner.RemoteTestRunner.runTests(RemoteTestRunner.java:675)
	at org.eclipse.jdt.internal.junit.runner.RemoteTestRunner.run(RemoteTestRunner.java:382)
	at org.eclipse.jdt.internal.junit.runner.RemoteTestRunner.main(RemoteTestRunner.java:192)
Caused by: java.net.UnknownHostException: smtp.qq.com
	at java.net.AbstractPlainSocketImpl.connect(Unknown Source)
	at java.net.PlainSocketImpl.connect(Unknown Source)
	at java.net.SocksSocketImpl.connect(Unknown Source)
	at java.net.Socket.connect(Unknown Source)
	at java.net.Socket.connect(Unknown Source)
	at com.sun.mail.util.SocketFetcher.createSocket(SocketFetcher.java:301)
	at com.sun.mail.util.SocketFetcher.getSocket(SocketFetcher.java:229)
	at com.sun.mail.smtp.SMTPTransport.openServer(SMTPTransport.java:1950)
	... 32 more
[INFO ] 2017-02-16 13:46:30,484                                  root     - 发送成功。
[ERROR] 2017-02-16 13:47:29,765                                  root     - 设置邮件内容失败！
javax.mail.MessagingException: Could not connect to SMTP host: smtp.qq.com, port: 25;
  nested exception is:
	javax.net.ssl.SSLException: Unrecognized SSL message, plaintext connection?
	at com.sun.mail.smtp.SMTPTransport.openServer(SMTPTransport.java:1986)
	at com.sun.mail.smtp.SMTPTransport.protocolConnect(SMTPTransport.java:656)
	at javax.mail.Service.connect(Service.java:367)
	at javax.mail.Service.connect(Service.java:226)
	at javax.mail.Service.connect(Service.java:175)
	at javax.mail.Transport.send0(Transport.java:253)
	at javax.mail.Transport.send(Transport.java:124)
	at com.ebook.utils.EmailUtils.sendEmail(EmailUtils.java:50)
	at com.ebook.utils.EmailUtils.sendEmail(EmailUtils.java:101)
	at com.ebook.test.TestSendEmail.readProperties(TestSendEmail.java:92)
	at sun.reflect.NativeMethodAccessorImpl.invoke0(Native Method)
	at sun.reflect.NativeMethodAccessorImpl.invoke(Unknown Source)
	at sun.reflect.DelegatingMethodAccessorImpl.invoke(Unknown Source)
	at java.lang.reflect.Method.invoke(Unknown Source)
	at org.junit.runners.model.FrameworkMethod$1.runReflectiveCall(FrameworkMethod.java:47)
	at org.junit.internal.runners.model.ReflectiveCallable.run(ReflectiveCallable.java:12)
	at org.junit.runners.model.FrameworkMethod.invokeExplosively(FrameworkMethod.java:44)
	at org.junit.internal.runners.statements.InvokeMethod.evaluate(InvokeMethod.java:17)
	at org.junit.runners.ParentRunner.runLeaf(ParentRunner.java:271)
	at org.junit.runners.BlockJUnit4ClassRunner.runChild(BlockJUnit4ClassRunner.java:70)
	at org.junit.runners.BlockJUnit4ClassRunner.runChild(BlockJUnit4ClassRunner.java:50)
	at org.junit.runners.ParentRunner$3.run(ParentRunner.java:238)
	at org.junit.runners.ParentRunner$1.schedule(ParentRunner.java:63)
	at org.junit.runners.ParentRunner.runChildren(ParentRunner.java:236)
	at org.junit.runners.ParentRunner.access$000(ParentRunner.java:53)
	at org.junit.runners.ParentRunner$2.evaluate(ParentRunner.java:229)
	at org.junit.runners.ParentRunner.run(ParentRunner.java:309)
	at org.eclipse.jdt.internal.junit4.runner.JUnit4TestReference.run(JUnit4TestReference.java:50)
	at org.eclipse.jdt.internal.junit.runner.TestExecution.run(TestExecution.java:38)
	at org.eclipse.jdt.internal.junit.runner.RemoteTestRunner.runTests(RemoteTestRunner.java:459)
	at org.eclipse.jdt.internal.junit.runner.RemoteTestRunner.runTests(RemoteTestRunner.java:675)
	at org.eclipse.jdt.internal.junit.runner.RemoteTestRunner.run(RemoteTestRunner.java:382)
	at org.eclipse.jdt.internal.junit.runner.RemoteTestRunner.main(RemoteTestRunner.java:192)
Caused by: javax.net.ssl.SSLException: Unrecognized SSL message, plaintext connection?
	at sun.security.ssl.InputRecord.handleUnknownRecord(Unknown Source)
	at sun.security.ssl.InputRecord.read(Unknown Source)
	at sun.security.ssl.SSLSocketImpl.readRecord(Unknown Source)
	at sun.security.ssl.SSLSocketImpl.performInitialHandshake(Unknown Source)
	at sun.security.ssl.SSLSocketImpl.startHandshake(Unknown Source)
	at sun.security.ssl.SSLSocketImpl.startHandshake(Unknown Source)
	at com.sun.mail.util.SocketFetcher.configureSSLSocket(SocketFetcher.java:532)
	at com.sun.mail.util.SocketFetcher.createSocket(SocketFetcher.java:337)
	at com.sun.mail.util.SocketFetcher.getSocket(SocketFetcher.java:229)
	at com.sun.mail.smtp.SMTPTransport.openServer(SMTPTransport.java:1950)
	... 32 more
[INFO ] 2017-02-16 13:47:29,770                                  root     - 发送成功。
[INFO ] 2017-02-16 13:56:36,898                                  root     - 邮箱帐号激活邮件
[INFO ] 2017-02-16 13:56:36,899                                  root     - <p>zhangsan，<br>这封信是由 医学电子图书 发送的。</p><p>您收到这封邮件，是由于在 医学电子图书进行了新用户注册，或用户修改 Email使用 了这个邮箱地址。如果您并没有访问过 医学电子图书，或没有进行上述操作，请忽 略这封邮件。您不需要退订或进行其他进一步的操作。</p><br>
----------------------------------------------------------------------<br><strong>账号激活说明</strong><br>
----------------------------------------------------------------------<br><br><p>如果您是 医学电子图书 的新用户，
或在修改您的注册Email时使用了本地址，我们需要对您的地址有效性进行验证以避免垃圾邮件或地址被滥用。</p><p>您只需点击下面的链接即可激活您的账号：
http://mail.163.com
<br>(如果上面不是链接形式，请将该地址手工粘贴到浏览器地址栏再访问)</p><p>感谢您的访问，祝您使用愉快！</p>
<p>此致<br>医学电子图书  运营中心.<br></p>
[ERROR] 2017-02-16 13:56:37,168                                  root     - 用户名或密码错误！
javax.mail.AuthenticationFailedException: 530 Error: A secure connection is requiered(such as ssl). More information at http://service.mail.qq.com/cgi-bin/help?id=28

	at com.sun.mail.smtp.SMTPTransport$Authenticator.authenticate(SMTPTransport.java:843)
	at com.sun.mail.smtp.SMTPTransport.authenticate(SMTPTransport.java:765)
	at com.sun.mail.smtp.SMTPTransport.protocolConnect(SMTPTransport.java:687)
	at javax.mail.Service.connect(Service.java:367)
	at javax.mail.Service.connect(Service.java:226)
	at javax.mail.Service.connect(Service.java:175)
	at javax.mail.Transport.send0(Transport.java:253)
	at javax.mail.Transport.send(Transport.java:124)
	at com.ebook.utils.EmailUtils.sendEmail(EmailUtils.java:50)
	at com.ebook.utils.EmailUtils.sendEmail(EmailUtils.java:101)
	at com.ebook.test.TestSendEmail.readProperties(TestSendEmail.java:94)
	at sun.reflect.NativeMethodAccessorImpl.invoke0(Native Method)
	at sun.reflect.NativeMethodAccessorImpl.invoke(Unknown Source)
	at sun.reflect.DelegatingMethodAccessorImpl.invoke(Unknown Source)
	at java.lang.reflect.Method.invoke(Unknown Source)
	at org.junit.runners.model.FrameworkMethod$1.runReflectiveCall(FrameworkMethod.java:47)
	at org.junit.internal.runners.model.ReflectiveCallable.run(ReflectiveCallable.java:12)
	at org.junit.runners.model.FrameworkMethod.invokeExplosively(FrameworkMethod.java:44)
	at org.junit.internal.runners.statements.InvokeMethod.evaluate(InvokeMethod.java:17)
	at org.junit.runners.ParentRunner.runLeaf(ParentRunner.java:271)
	at org.junit.runners.BlockJUnit4ClassRunner.runChild(BlockJUnit4ClassRunner.java:70)
	at org.junit.runners.BlockJUnit4ClassRunner.runChild(BlockJUnit4ClassRunner.java:50)
	at org.junit.runners.ParentRunner$3.run(ParentRunner.java:238)
	at org.junit.runners.ParentRunner$1.schedule(ParentRunner.java:63)
	at org.junit.runners.ParentRunner.runChildren(ParentRunner.java:236)
	at org.junit.runners.ParentRunner.access$000(ParentRunner.java:53)
	at org.junit.runners.ParentRunner$2.evaluate(ParentRunner.java:229)
	at org.junit.runners.ParentRunner.run(ParentRunner.java:309)
	at org.eclipse.jdt.internal.junit4.runner.JUnit4TestReference.run(JUnit4TestReference.java:50)
	at org.eclipse.jdt.internal.junit.runner.TestExecution.run(TestExecution.java:38)
	at org.eclipse.jdt.internal.junit.runner.RemoteTestRunner.runTests(RemoteTestRunner.java:459)
	at org.eclipse.jdt.internal.junit.runner.RemoteTestRunner.runTests(RemoteTestRunner.java:675)
	at org.eclipse.jdt.internal.junit.runner.RemoteTestRunner.run(RemoteTestRunner.java:382)
	at org.eclipse.jdt.internal.junit.runner.RemoteTestRunner.main(RemoteTestRunner.java:192)
[INFO ] 2017-02-16 13:56:37,174                                  root     - 发送成功。
[INFO ] 2017-02-16 14:02:40,668                                  root     - 邮箱帐号激活邮件
[INFO ] 2017-02-16 14:02:40,668                                  root     - <p>zhangsan，<br>这封信是由 医学电子图书 发送的。</p><p>您收到这封邮件，是由于在 医学电子图书进行了新用户注册，或用户修改 Email使用 了这个邮箱地址。如果您并没有访问过 医学电子图书，或没有进行上述操作，请忽 略这封邮件。您不需要退订或进行其他进一步的操作。</p><br>
----------------------------------------------------------------------<br><strong>账号激活说明</strong><br>
----------------------------------------------------------------------<br><br><p>如果您是 医学电子图书 的新用户，
或在修改您的注册Email时使用了本地址，我们需要对您的地址有效性进行验证以避免垃圾邮件或地址被滥用。</p><p>您只需点击下面的链接即可激活您的账号：
http://mail.163.com
<br>(如果上面不是链接形式，请将该地址手工粘贴到浏览器地址栏再访问)</p><p>感谢您的访问，祝您使用愉快！</p>
<p>此致<br>医学电子图书  运营中心.<br></p>
[ERROR] 2017-02-16 14:02:40,970                                  root     - 用户名或密码错误！
javax.mail.AuthenticationFailedException: 530 Error: A secure connection is requiered(such as ssl). More information at http://service.mail.qq.com/cgi-bin/help?id=28

	at com.sun.mail.smtp.SMTPTransport$Authenticator.authenticate(SMTPTransport.java:843)
	at com.sun.mail.smtp.SMTPTransport.authenticate(SMTPTransport.java:765)
	at com.sun.mail.smtp.SMTPTransport.protocolConnect(SMTPTransport.java:687)
	at javax.mail.Service.connect(Service.java:367)
	at javax.mail.Service.connect(Service.java:226)
	at javax.mail.Service.connect(Service.java:175)
	at javax.mail.Transport.send0(Transport.java:253)
	at javax.mail.Transport.send(Transport.java:124)
	at com.ebook.utils.EmailUtils.sendEmail(EmailUtils.java:50)
	at com.ebook.utils.EmailUtils.sendEmail(EmailUtils.java:101)
	at com.ebook.test.TestSendEmail.readProperties(TestSendEmail.java:94)
	at sun.reflect.NativeMethodAccessorImpl.invoke0(Native Method)
	at sun.reflect.NativeMethodAccessorImpl.invoke(Unknown Source)
	at sun.reflect.DelegatingMethodAccessorImpl.invoke(Unknown Source)
	at java.lang.reflect.Method.invoke(Unknown Source)
	at org.junit.runners.model.FrameworkMethod$1.runReflectiveCall(FrameworkMethod.java:47)
	at org.junit.internal.runners.model.ReflectiveCallable.run(ReflectiveCallable.java:12)
	at org.junit.runners.model.FrameworkMethod.invokeExplosively(FrameworkMethod.java:44)
	at org.junit.internal.runners.statements.InvokeMethod.evaluate(InvokeMethod.java:17)
	at org.junit.runners.ParentRunner.runLeaf(ParentRunner.java:271)
	at org.junit.runners.BlockJUnit4ClassRunner.runChild(BlockJUnit4ClassRunner.java:70)
	at org.junit.runners.BlockJUnit4ClassRunner.runChild(BlockJUnit4ClassRunner.java:50)
	at org.junit.runners.ParentRunner$3.run(ParentRunner.java:238)
	at org.junit.runners.ParentRunner$1.schedule(ParentRunner.java:63)
	at org.junit.runners.ParentRunner.runChildren(ParentRunner.java:236)
	at org.junit.runners.ParentRunner.access$000(ParentRunner.java:53)
	at org.junit.runners.ParentRunner$2.evaluate(ParentRunner.java:229)
	at org.junit.runners.ParentRunner.run(ParentRunner.java:309)
	at org.eclipse.jdt.internal.junit4.runner.JUnit4TestReference.run(JUnit4TestReference.java:50)
	at org.eclipse.jdt.internal.junit.runner.TestExecution.run(TestExecution.java:38)
	at org.eclipse.jdt.internal.junit.runner.RemoteTestRunner.runTests(RemoteTestRunner.java:459)
	at org.eclipse.jdt.internal.junit.runner.RemoteTestRunner.runTests(RemoteTestRunner.java:675)
	at org.eclipse.jdt.internal.junit.runner.RemoteTestRunner.run(RemoteTestRunner.java:382)
	at org.eclipse.jdt.internal.junit.runner.RemoteTestRunner.main(RemoteTestRunner.java:192)
[INFO ] 2017-02-16 14:02:40,972                                  root     - 发送成功。
[ERROR] 2017-02-16 14:07:34,705                                  root     - 用户名或密码错误！
javax.mail.AuthenticationFailedException: 535 Error: ÇëÊ¹ÓÃÊÚÈ¨ÂëµÇÂ¼¡£ÏêÇéÇë¿´: http://service.mail.qq.com/cgi-bin/help?subtype=1&&id=28&&no=1001256

	at com.sun.mail.smtp.SMTPTransport$Authenticator.authenticate(SMTPTransport.java:843)
	at com.sun.mail.smtp.SMTPTransport.authenticate(SMTPTransport.java:765)
	at com.sun.mail.smtp.SMTPTransport.protocolConnect(SMTPTransport.java:687)
	at javax.mail.Service.connect(Service.java:367)
	at javax.mail.Service.connect(Service.java:226)
	at javax.mail.Service.connect(Service.java:175)
	at javax.mail.Transport.send0(Transport.java:253)
	at javax.mail.Transport.send(Transport.java:124)
	at com.ebook.utils.EmailUtils.sendEmail(EmailUtils.java:50)
	at com.ebook.utils.EmailUtils.sendEmail(EmailUtils.java:101)
	at com.ebook.test.TestSendEmail.readProperties(TestSendEmail.java:94)
	at sun.reflect.NativeMethodAccessorImpl.invoke0(Native Method)
	at sun.reflect.NativeMethodAccessorImpl.invoke(Unknown Source)
	at sun.reflect.DelegatingMethodAccessorImpl.invoke(Unknown Source)
	at java.lang.reflect.Method.invoke(Unknown Source)
	at org.junit.runners.model.FrameworkMethod$1.runReflectiveCall(FrameworkMethod.java:47)
	at org.junit.internal.runners.model.ReflectiveCallable.run(ReflectiveCallable.java:12)
	at org.junit.runners.model.FrameworkMethod.invokeExplosively(FrameworkMethod.java:44)
	at org.junit.internal.runners.statements.InvokeMethod.evaluate(InvokeMethod.java:17)
	at org.junit.runners.ParentRunner.runLeaf(ParentRunner.java:271)
	at org.junit.runners.BlockJUnit4ClassRunner.runChild(BlockJUnit4ClassRunner.java:70)
	at org.junit.runners.BlockJUnit4ClassRunner.runChild(BlockJUnit4ClassRunner.java:50)
	at org.junit.runners.ParentRunner$3.run(ParentRunner.java:238)
	at org.junit.runners.ParentRunner$1.schedule(ParentRunner.java:63)
	at org.junit.runners.ParentRunner.runChildren(ParentRunner.java:236)
	at org.junit.runners.ParentRunner.access$000(ParentRunner.java:53)
	at org.junit.runners.ParentRunner$2.evaluate(ParentRunner.java:229)
	at org.junit.runners.ParentRunner.run(ParentRunner.java:309)
	at org.eclipse.jdt.internal.junit4.runner.JUnit4TestReference.run(JUnit4TestReference.java:50)
	at org.eclipse.jdt.internal.junit.runner.TestExecution.run(TestExecution.java:38)
	at org.eclipse.jdt.internal.junit.runner.RemoteTestRunner.runTests(RemoteTestRunner.java:459)
	at org.eclipse.jdt.internal.junit.runner.RemoteTestRunner.runTests(RemoteTestRunner.java:675)
	at org.eclipse.jdt.internal.junit.runner.RemoteTestRunner.run(RemoteTestRunner.java:382)
	at org.eclipse.jdt.internal.junit.runner.RemoteTestRunner.main(RemoteTestRunner.java:192)
[INFO ] 2017-02-16 14:07:34,707                                  root     - 发送成功。
[ERROR] 2017-02-16 14:09:21,599                                  root     - 用户名或密码错误！
javax.mail.AuthenticationFailedException: 535 Error: ÇëÊ¹ÓÃÊÚÈ¨ÂëµÇÂ¼¡£ÏêÇéÇë¿´: http://service.mail.qq.com/cgi-bin/help?subtype=1&&id=28&&no=1001256

	at com.sun.mail.smtp.SMTPTransport$Authenticator.authenticate(SMTPTransport.java:843)
	at com.sun.mail.smtp.SMTPTransport.authenticate(SMTPTransport.java:765)
	at com.sun.mail.smtp.SMTPTransport.protocolConnect(SMTPTransport.java:687)
	at javax.mail.Service.connect(Service.java:367)
	at javax.mail.Service.connect(Service.java:226)
	at javax.mail.Service.connect(Service.java:175)
	at javax.mail.Transport.send0(Transport.java:253)
	at javax.mail.Transport.send(Transport.java:124)
	at com.ebook.utils.EmailUtils.sendEmail(EmailUtils.java:50)
	at com.ebook.utils.EmailUtils.sendEmail(EmailUtils.java:101)
	at com.ebook.test.TestSendEmail.readProperties(TestSendEmail.java:94)
	at sun.reflect.NativeMethodAccessorImpl.invoke0(Native Method)
	at sun.reflect.NativeMethodAccessorImpl.invoke(Unknown Source)
	at sun.reflect.DelegatingMethodAccessorImpl.invoke(Unknown Source)
	at java.lang.reflect.Method.invoke(Unknown Source)
	at org.junit.runners.model.FrameworkMethod$1.runReflectiveCall(FrameworkMethod.java:47)
	at org.junit.internal.runners.model.ReflectiveCallable.run(ReflectiveCallable.java:12)
	at org.junit.runners.model.FrameworkMethod.invokeExplosively(FrameworkMethod.java:44)
	at org.junit.internal.runners.statements.InvokeMethod.evaluate(InvokeMethod.java:17)
	at org.junit.runners.ParentRunner.runLeaf(ParentRunner.java:271)
	at org.junit.runners.BlockJUnit4ClassRunner.runChild(BlockJUnit4ClassRunner.java:70)
	at org.junit.runners.BlockJUnit4ClassRunner.runChild(BlockJUnit4ClassRunner.java:50)
	at org.junit.runners.ParentRunner$3.run(ParentRunner.java:238)
	at org.junit.runners.ParentRunner$1.schedule(ParentRunner.java:63)
	at org.junit.runners.ParentRunner.runChildren(ParentRunner.java:236)
	at org.junit.runners.ParentRunner.access$000(ParentRunner.java:53)
	at org.junit.runners.ParentRunner$2.evaluate(ParentRunner.java:229)
	at org.junit.runners.ParentRunner.run(ParentRunner.java:309)
	at org.eclipse.jdt.internal.junit4.runner.JUnit4TestReference.run(JUnit4TestReference.java:50)
	at org.eclipse.jdt.internal.junit.runner.TestExecution.run(TestExecution.java:38)
	at org.eclipse.jdt.internal.junit.runner.RemoteTestRunner.runTests(RemoteTestRunner.java:459)
	at org.eclipse.jdt.internal.junit.runner.RemoteTestRunner.runTests(RemoteTestRunner.java:675)
	at org.eclipse.jdt.internal.junit.runner.RemoteTestRunner.run(RemoteTestRunner.java:382)
	at org.eclipse.jdt.internal.junit.runner.RemoteTestRunner.main(RemoteTestRunner.java:192)
[INFO ] 2017-02-16 14:09:21,601                                  root     - 发送成功。
[ERROR] 2017-02-16 14:30:19,557                                  root     - 用户名或密码错误！
javax.mail.AuthenticationFailedException: 535 Error: ÇëÊ¹ÓÃÊÚÈ¨ÂëµÇÂ¼¡£ÏêÇéÇë¿´: http://service.mail.qq.com/cgi-bin/help?subtype=1&&id=28&&no=1001256

	at com.sun.mail.smtp.SMTPTransport$Authenticator.authenticate(SMTPTransport.java:843)
	at com.sun.mail.smtp.SMTPTransport.authenticate(SMTPTransport.java:765)
	at com.sun.mail.smtp.SMTPTransport.protocolConnect(SMTPTransport.java:687)
	at javax.mail.Service.connect(Service.java:367)
	at javax.mail.Service.connect(Service.java:226)
	at javax.mail.Service.connect(Service.java:175)
	at javax.mail.Transport.send0(Transport.java:253)
	at javax.mail.Transport.send(Transport.java:124)
	at com.ebook.utils.EmailUtils.sendEmail(EmailUtils.java:50)
	at com.ebook.utils.EmailUtils.sendEmail(EmailUtils.java:101)
	at com.ebook.test.TestSendEmail.readProperties(TestSendEmail.java:93)
	at sun.reflect.NativeMethodAccessorImpl.invoke0(Native Method)
	at sun.reflect.NativeMethodAccessorImpl.invoke(Unknown Source)
	at sun.reflect.DelegatingMethodAccessorImpl.invoke(Unknown Source)
	at java.lang.reflect.Method.invoke(Unknown Source)
	at org.junit.runners.model.FrameworkMethod$1.runReflectiveCall(FrameworkMethod.java:47)
	at org.junit.internal.runners.model.ReflectiveCallable.run(ReflectiveCallable.java:12)
	at org.junit.runners.model.FrameworkMethod.invokeExplosively(FrameworkMethod.java:44)
	at org.junit.internal.runners.statements.InvokeMethod.evaluate(InvokeMethod.java:17)
	at org.junit.runners.ParentRunner.runLeaf(ParentRunner.java:271)
	at org.junit.runners.BlockJUnit4ClassRunner.runChild(BlockJUnit4ClassRunner.java:70)
	at org.junit.runners.BlockJUnit4ClassRunner.runChild(BlockJUnit4ClassRunner.java:50)
	at org.junit.runners.ParentRunner$3.run(ParentRunner.java:238)
	at org.junit.runners.ParentRunner$1.schedule(ParentRunner.java:63)
	at org.junit.runners.ParentRunner.runChildren(ParentRunner.java:236)
	at org.junit.runners.ParentRunner.access$000(ParentRunner.java:53)
	at org.junit.runners.ParentRunner$2.evaluate(ParentRunner.java:229)
	at org.junit.runners.ParentRunner.run(ParentRunner.java:309)
	at org.eclipse.jdt.internal.junit4.runner.JUnit4TestReference.run(JUnit4TestReference.java:50)
	at org.eclipse.jdt.internal.junit.runner.TestExecution.run(TestExecution.java:38)
	at org.eclipse.jdt.internal.junit.runner.RemoteTestRunner.runTests(RemoteTestRunner.java:459)
	at org.eclipse.jdt.internal.junit.runner.RemoteTestRunner.runTests(RemoteTestRunner.java:675)
	at org.eclipse.jdt.internal.junit.runner.RemoteTestRunner.run(RemoteTestRunner.java:382)
	at org.eclipse.jdt.internal.junit.runner.RemoteTestRunner.main(RemoteTestRunner.java:192)
[INFO ] 2017-02-16 14:30:19,560                                  root     - 发送成功。
[ERROR] 2017-02-16 14:32:48,239                                  root     - 设置邮件内容失败！
javax.mail.MessagingException: Exception reading response;
  nested exception is:
	java.net.SocketTimeoutException: Read timed out
	at com.sun.mail.smtp.SMTPTransport.readServerResponse(SMTPTransport.java:2227)
	at com.sun.mail.smtp.SMTPTransport.openServer(SMTPTransport.java:1962)
	at com.sun.mail.smtp.SMTPTransport.protocolConnect(SMTPTransport.java:656)
	at javax.mail.Service.connect(Service.java:367)
	at javax.mail.Service.connect(Service.java:226)
	at javax.mail.Service.connect(Service.java:175)
	at javax.mail.Transport.send0(Transport.java:253)
	at javax.mail.Transport.send(Transport.java:124)
	at com.ebook.utils.EmailUtils.sendEmail(EmailUtils.java:50)
	at com.ebook.utils.EmailUtils.sendEmail(EmailUtils.java:101)
	at com.ebook.test.TestSendEmail.readProperties(TestSendEmail.java:93)
	at sun.reflect.NativeMethodAccessorImpl.invoke0(Native Method)
	at sun.reflect.NativeMethodAccessorImpl.invoke(Unknown Source)
	at sun.reflect.DelegatingMethodAccessorImpl.invoke(Unknown Source)
	at java.lang.reflect.Method.invoke(Unknown Source)
	at org.junit.runners.model.FrameworkMethod$1.runReflectiveCall(FrameworkMethod.java:47)
	at org.junit.internal.runners.model.ReflectiveCallable.run(ReflectiveCallable.java:12)
	at org.junit.runners.model.FrameworkMethod.invokeExplosively(FrameworkMethod.java:44)
	at org.junit.internal.runners.statements.InvokeMethod.evaluate(InvokeMethod.java:17)
	at org.junit.runners.ParentRunner.runLeaf(ParentRunner.java:271)
	at org.junit.runners.BlockJUnit4ClassRunner.runChild(BlockJUnit4ClassRunner.java:70)
	at org.junit.runners.BlockJUnit4ClassRunner.runChild(BlockJUnit4ClassRunner.java:50)
	at org.junit.runners.ParentRunner$3.run(ParentRunner.java:238)
	at org.junit.runners.ParentRunner$1.schedule(ParentRunner.java:63)
	at org.junit.runners.ParentRunner.runChildren(ParentRunner.java:236)
	at org.junit.runners.ParentRunner.access$000(ParentRunner.java:53)
	at org.junit.runners.ParentRunner$2.evaluate(ParentRunner.java:229)
	at org.junit.runners.ParentRunner.run(ParentRunner.java:309)
	at org.eclipse.jdt.internal.junit4.runner.JUnit4TestReference.run(JUnit4TestReference.java:50)
	at org.eclipse.jdt.internal.junit.runner.TestExecution.run(TestExecution.java:38)
	at org.eclipse.jdt.internal.junit.runner.RemoteTestRunner.runTests(RemoteTestRunner.java:459)
	at org.eclipse.jdt.internal.junit.runner.RemoteTestRunner.runTests(RemoteTestRunner.java:675)
	at org.eclipse.jdt.internal.junit.runner.RemoteTestRunner.run(RemoteTestRunner.java:382)
	at org.eclipse.jdt.internal.junit.runner.RemoteTestRunner.main(RemoteTestRunner.java:192)
Caused by: java.net.SocketTimeoutException: Read timed out
	at java.net.SocketInputStream.socketRead0(Native Method)
	at java.net.SocketInputStream.read(Unknown Source)
	at java.net.SocketInputStream.read(Unknown Source)
	at com.sun.mail.util.TraceInputStream.read(TraceInputStream.java:124)
	at java.io.BufferedInputStream.fill(Unknown Source)
	at java.io.BufferedInputStream.read(Unknown Source)
	at com.sun.mail.util.LineInputStream.readLine(LineInputStream.java:89)
	at com.sun.mail.smtp.SMTPTransport.readServerResponse(SMTPTransport.java:2207)
	... 33 more
[INFO ] 2017-02-16 14:32:48,242                                  root     - 发送成功。
[ERROR] 2017-02-16 14:36:01,780                                  root     - 设置邮件内容失败！
javax.mail.MessagingException: Exception reading response;
  nested exception is:
	java.net.SocketTimeoutException: Read timed out
	at com.sun.mail.smtp.SMTPTransport.readServerResponse(SMTPTransport.java:2227)
	at com.sun.mail.smtp.SMTPTransport.openServer(SMTPTransport.java:1962)
	at com.sun.mail.smtp.SMTPTransport.protocolConnect(SMTPTransport.java:656)
	at javax.mail.Service.connect(Service.java:367)
	at javax.mail.Service.connect(Service.java:226)
	at javax.mail.Service.connect(Service.java:175)
	at javax.mail.Transport.send0(Transport.java:253)
	at javax.mail.Transport.send(Transport.java:124)
	at com.ebook.utils.EmailUtils.sendEmail(EmailUtils.java:50)
	at com.ebook.utils.EmailUtils.sendEmail(EmailUtils.java:101)
	at com.ebook.test.TestSendEmail.readProperties(TestSendEmail.java:93)
	at sun.reflect.NativeMethodAccessorImpl.invoke0(Native Method)
	at sun.reflect.NativeMethodAccessorImpl.invoke(Unknown Source)
	at sun.reflect.DelegatingMethodAccessorImpl.invoke(Unknown Source)
	at java.lang.reflect.Method.invoke(Unknown Source)
	at org.junit.runners.model.FrameworkMethod$1.runReflectiveCall(FrameworkMethod.java:47)
	at org.junit.internal.runners.model.ReflectiveCallable.run(ReflectiveCallable.java:12)
	at org.junit.runners.model.FrameworkMethod.invokeExplosively(FrameworkMethod.java:44)
	at org.junit.internal.runners.statements.InvokeMethod.evaluate(InvokeMethod.java:17)
	at org.junit.runners.ParentRunner.runLeaf(ParentRunner.java:271)
	at org.junit.runners.BlockJUnit4ClassRunner.runChild(BlockJUnit4ClassRunner.java:70)
	at org.junit.runners.BlockJUnit4ClassRunner.runChild(BlockJUnit4ClassRunner.java:50)
	at org.junit.runners.ParentRunner$3.run(ParentRunner.java:238)
	at org.junit.runners.ParentRunner$1.schedule(ParentRunner.java:63)
	at org.junit.runners.ParentRunner.runChildren(ParentRunner.java:236)
	at org.junit.runners.ParentRunner.access$000(ParentRunner.java:53)
	at org.junit.runners.ParentRunner$2.evaluate(ParentRunner.java:229)
	at org.junit.runners.ParentRunner.run(ParentRunner.java:309)
	at org.eclipse.jdt.internal.junit4.runner.JUnit4TestReference.run(JUnit4TestReference.java:50)
	at org.eclipse.jdt.internal.junit.runner.TestExecution.run(TestExecution.java:38)
	at org.eclipse.jdt.internal.junit.runner.RemoteTestRunner.runTests(RemoteTestRunner.java:459)
	at org.eclipse.jdt.internal.junit.runner.RemoteTestRunner.runTests(RemoteTestRunner.java:675)
	at org.eclipse.jdt.internal.junit.runner.RemoteTestRunner.run(RemoteTestRunner.java:382)
	at org.eclipse.jdt.internal.junit.runner.RemoteTestRunner.main(RemoteTestRunner.java:192)
Caused by: java.net.SocketTimeoutException: Read timed out
	at java.net.SocketInputStream.socketRead0(Native Method)
	at java.net.SocketInputStream.read(Unknown Source)
	at java.net.SocketInputStream.read(Unknown Source)
	at com.sun.mail.util.TraceInputStream.read(TraceInputStream.java:124)
	at java.io.BufferedInputStream.fill(Unknown Source)
	at java.io.BufferedInputStream.read(Unknown Source)
	at com.sun.mail.util.LineInputStream.readLine(LineInputStream.java:89)
	at com.sun.mail.smtp.SMTPTransport.readServerResponse(SMTPTransport.java:2207)
	... 33 more
[INFO ] 2017-02-16 14:36:01,782                                  root     - 发送成功。
[ERROR] 2017-02-16 14:54:18,997                                  root     - 设置邮件内容失败！
javax.mail.MessagingException: Exception reading response;
  nested exception is:
	java.net.SocketTimeoutException: Read timed out
	at com.sun.mail.smtp.SMTPTransport.readServerResponse(SMTPTransport.java:2227)
	at com.sun.mail.smtp.SMTPTransport.openServer(SMTPTransport.java:1962)
	at com.sun.mail.smtp.SMTPTransport.protocolConnect(SMTPTransport.java:656)
	at javax.mail.Service.connect(Service.java:367)
	at javax.mail.Service.connect(Service.java:226)
	at javax.mail.Service.connect(Service.java:175)
	at javax.mail.Transport.send0(Transport.java:253)
	at javax.mail.Transport.send(Transport.java:124)
	at com.ebook.utils.EmailUtils.sendEmail(EmailUtils.java:50)
	at com.ebook.utils.EmailUtils.sendEmail(EmailUtils.java:101)
	at com.ebook.test.TestSendEmail.readProperties(TestSendEmail.java:92)
	at sun.reflect.NativeMethodAccessorImpl.invoke0(Native Method)
	at sun.reflect.NativeMethodAccessorImpl.invoke(Unknown Source)
	at sun.reflect.DelegatingMethodAccessorImpl.invoke(Unknown Source)
	at java.lang.reflect.Method.invoke(Unknown Source)
	at org.junit.runners.model.FrameworkMethod$1.runReflectiveCall(FrameworkMethod.java:47)
	at org.junit.internal.runners.model.ReflectiveCallable.run(ReflectiveCallable.java:12)
	at org.junit.runners.model.FrameworkMethod.invokeExplosively(FrameworkMethod.java:44)
	at org.junit.internal.runners.statements.InvokeMethod.evaluate(InvokeMethod.java:17)
	at org.junit.runners.ParentRunner.runLeaf(ParentRunner.java:271)
	at org.junit.runners.BlockJUnit4ClassRunner.runChild(BlockJUnit4ClassRunner.java:70)
	at org.junit.runners.BlockJUnit4ClassRunner.runChild(BlockJUnit4ClassRunner.java:50)
	at org.junit.runners.ParentRunner$3.run(ParentRunner.java:238)
	at org.junit.runners.ParentRunner$1.schedule(ParentRunner.java:63)
	at org.junit.runners.ParentRunner.runChildren(ParentRunner.java:236)
	at org.junit.runners.ParentRunner.access$000(ParentRunner.java:53)
	at org.junit.runners.ParentRunner$2.evaluate(ParentRunner.java:229)
	at org.junit.runners.ParentRunner.run(ParentRunner.java:309)
	at org.eclipse.jdt.internal.junit4.runner.JUnit4TestReference.run(JUnit4TestReference.java:50)
	at org.eclipse.jdt.internal.junit.runner.TestExecution.run(TestExecution.java:38)
	at org.eclipse.jdt.internal.junit.runner.RemoteTestRunner.runTests(RemoteTestRunner.java:459)
	at org.eclipse.jdt.internal.junit.runner.RemoteTestRunner.runTests(RemoteTestRunner.java:675)
	at org.eclipse.jdt.internal.junit.runner.RemoteTestRunner.run(RemoteTestRunner.java:382)
	at org.eclipse.jdt.internal.junit.runner.RemoteTestRunner.main(RemoteTestRunner.java:192)
Caused by: java.net.SocketTimeoutException: Read timed out
	at java.net.SocketInputStream.socketRead0(Native Method)
	at java.net.SocketInputStream.read(Unknown Source)
	at java.net.SocketInputStream.read(Unknown Source)
	at com.sun.mail.util.TraceInputStream.read(TraceInputStream.java:124)
	at java.io.BufferedInputStream.fill(Unknown Source)
	at java.io.BufferedInputStream.read(Unknown Source)
	at com.sun.mail.util.LineInputStream.readLine(LineInputStream.java:89)
	at com.sun.mail.smtp.SMTPTransport.readServerResponse(SMTPTransport.java:2207)
	... 33 more
[INFO ] 2017-02-16 14:54:19,003                                  root     - 发送成功。
[ERROR] 2017-02-16 14:57:38,573                                  root     - 设置邮件内容失败！
javax.mail.MessagingException: Exception reading response;
  nested exception is:
	java.net.SocketTimeoutException: Read timed out
	at com.sun.mail.smtp.SMTPTransport.readServerResponse(SMTPTransport.java:2227)
	at com.sun.mail.smtp.SMTPTransport.openServer(SMTPTransport.java:1962)
	at com.sun.mail.smtp.SMTPTransport.protocolConnect(SMTPTransport.java:656)
	at javax.mail.Service.connect(Service.java:367)
	at javax.mail.Service.connect(Service.java:226)
	at javax.mail.Service.connect(Service.java:175)
	at javax.mail.Transport.send0(Transport.java:253)
	at javax.mail.Transport.send(Transport.java:124)
	at com.ebook.utils.EmailUtils.sendEmail(EmailUtils.java:50)
	at com.ebook.utils.EmailUtils.sendEmail(EmailUtils.java:101)
	at com.ebook.test.TestSendEmail.readProperties(TestSendEmail.java:92)
	at sun.reflect.NativeMethodAccessorImpl.invoke0(Native Method)
	at sun.reflect.NativeMethodAccessorImpl.invoke(Unknown Source)
	at sun.reflect.DelegatingMethodAccessorImpl.invoke(Unknown Source)
	at java.lang.reflect.Method.invoke(Unknown Source)
	at org.junit.runners.model.FrameworkMethod$1.runReflectiveCall(FrameworkMethod.java:47)
	at org.junit.internal.runners.model.ReflectiveCallable.run(ReflectiveCallable.java:12)
	at org.junit.runners.model.FrameworkMethod.invokeExplosively(FrameworkMethod.java:44)
	at org.junit.internal.runners.statements.InvokeMethod.evaluate(InvokeMethod.java:17)
	at org.junit.runners.ParentRunner.runLeaf(ParentRunner.java:271)
	at org.junit.runners.BlockJUnit4ClassRunner.runChild(BlockJUnit4ClassRunner.java:70)
	at org.junit.runners.BlockJUnit4ClassRunner.runChild(BlockJUnit4ClassRunner.java:50)
	at org.junit.runners.ParentRunner$3.run(ParentRunner.java:238)
	at org.junit.runners.ParentRunner$1.schedule(ParentRunner.java:63)
	at org.junit.runners.ParentRunner.runChildren(ParentRunner.java:236)
	at org.junit.runners.ParentRunner.access$000(ParentRunner.java:53)
	at org.junit.runners.ParentRunner$2.evaluate(ParentRunner.java:229)
	at org.junit.runners.ParentRunner.run(ParentRunner.java:309)
	at org.eclipse.jdt.internal.junit4.runner.JUnit4TestReference.run(JUnit4TestReference.java:50)
	at org.eclipse.jdt.internal.junit.runner.TestExecution.run(TestExecution.java:38)
	at org.eclipse.jdt.internal.junit.runner.RemoteTestRunner.runTests(RemoteTestRunner.java:459)
	at org.eclipse.jdt.internal.junit.runner.RemoteTestRunner.runTests(RemoteTestRunner.java:675)
	at org.eclipse.jdt.internal.junit.runner.RemoteTestRunner.run(RemoteTestRunner.java:382)
	at org.eclipse.jdt.internal.junit.runner.RemoteTestRunner.main(RemoteTestRunner.java:192)
Caused by: java.net.SocketTimeoutException: Read timed out
	at java.net.SocketInputStream.socketRead0(Native Method)
	at java.net.SocketInputStream.read(Unknown Source)
	at java.net.SocketInputStream.read(Unknown Source)
	at com.sun.mail.util.TraceInputStream.read(TraceInputStream.java:124)
	at java.io.BufferedInputStream.fill(Unknown Source)
	at java.io.BufferedInputStream.read(Unknown Source)
	at com.sun.mail.util.LineInputStream.readLine(LineInputStream.java:89)
	at com.sun.mail.smtp.SMTPTransport.readServerResponse(SMTPTransport.java:2207)
	... 33 more
[INFO ] 2017-02-16 14:57:38,581                                  root     - 发送成功。
[ERROR] 2017-02-16 15:05:06,251                                  root     - 设置邮件内容失败！
javax.mail.MessagingException: Exception reading response;
  nested exception is:
	java.net.SocketTimeoutException: Read timed out
	at com.sun.mail.smtp.SMTPTransport.readServerResponse(SMTPTransport.java:2227)
	at com.sun.mail.smtp.SMTPTransport.openServer(SMTPTransport.java:1962)
	at com.sun.mail.smtp.SMTPTransport.protocolConnect(SMTPTransport.java:656)
	at javax.mail.Service.connect(Service.java:367)
	at javax.mail.Service.connect(Service.java:226)
	at javax.mail.Service.connect(Service.java:175)
	at javax.mail.Transport.send0(Transport.java:253)
	at javax.mail.Transport.send(Transport.java:124)
	at com.ebook.utils.EmailUtils.sendEmail(EmailUtils.java:50)
	at com.ebook.utils.EmailUtils.sendEmail(EmailUtils.java:101)
	at com.ebook.test.TestSendEmail.readProperties(TestSendEmail.java:92)
	at sun.reflect.NativeMethodAccessorImpl.invoke0(Native Method)
	at sun.reflect.NativeMethodAccessorImpl.invoke(Unknown Source)
	at sun.reflect.DelegatingMethodAccessorImpl.invoke(Unknown Source)
	at java.lang.reflect.Method.invoke(Unknown Source)
	at org.junit.runners.model.FrameworkMethod$1.runReflectiveCall(FrameworkMethod.java:47)
	at org.junit.internal.runners.model.ReflectiveCallable.run(ReflectiveCallable.java:12)
	at org.junit.runners.model.FrameworkMethod.invokeExplosively(FrameworkMethod.java:44)
	at org.junit.internal.runners.statements.InvokeMethod.evaluate(InvokeMethod.java:17)
	at org.junit.runners.ParentRunner.runLeaf(ParentRunner.java:271)
	at org.junit.runners.BlockJUnit4ClassRunner.runChild(BlockJUnit4ClassRunner.java:70)
	at org.junit.runners.BlockJUnit4ClassRunner.runChild(BlockJUnit4ClassRunner.java:50)
	at org.junit.runners.ParentRunner$3.run(ParentRunner.java:238)
	at org.junit.runners.ParentRunner$1.schedule(ParentRunner.java:63)
	at org.junit.runners.ParentRunner.runChildren(ParentRunner.java:236)
	at org.junit.runners.ParentRunner.access$000(ParentRunner.java:53)
	at org.junit.runners.ParentRunner$2.evaluate(ParentRunner.java:229)
	at org.junit.runners.ParentRunner.run(ParentRunner.java:309)
	at org.eclipse.jdt.internal.junit4.runner.JUnit4TestReference.run(JUnit4TestReference.java:50)
	at org.eclipse.jdt.internal.junit.runner.TestExecution.run(TestExecution.java:38)
	at org.eclipse.jdt.internal.junit.runner.RemoteTestRunner.runTests(RemoteTestRunner.java:459)
	at org.eclipse.jdt.internal.junit.runner.RemoteTestRunner.runTests(RemoteTestRunner.java:675)
	at org.eclipse.jdt.internal.junit.runner.RemoteTestRunner.run(RemoteTestRunner.java:382)
	at org.eclipse.jdt.internal.junit.runner.RemoteTestRunner.main(RemoteTestRunner.java:192)
Caused by: java.net.SocketTimeoutException: Read timed out
	at java.net.SocketInputStream.socketRead0(Native Method)
	at java.net.SocketInputStream.read(Unknown Source)
	at java.net.SocketInputStream.read(Unknown Source)
	at com.sun.mail.util.TraceInputStream.read(TraceInputStream.java:124)
	at java.io.BufferedInputStream.fill(Unknown Source)
	at java.io.BufferedInputStream.read(Unknown Source)
	at com.sun.mail.util.LineInputStream.readLine(LineInputStream.java:89)
	at com.sun.mail.smtp.SMTPTransport.readServerResponse(SMTPTransport.java:2207)
	... 33 more
[INFO ] 2017-02-16 15:05:06,254                                  root     - 发送成功。
[ERROR] 2017-02-16 15:17:03,168                                  root     - 设置邮件内容失败！
javax.mail.MessagingException: Exception reading response;
  nested exception is:
	java.net.SocketTimeoutException: Read timed out
	at com.sun.mail.smtp.SMTPTransport.readServerResponse(SMTPTransport.java:2227)
	at com.sun.mail.smtp.SMTPTransport.openServer(SMTPTransport.java:1962)
	at com.sun.mail.smtp.SMTPTransport.protocolConnect(SMTPTransport.java:656)
	at javax.mail.Service.connect(Service.java:367)
	at javax.mail.Service.connect(Service.java:226)
	at javax.mail.Service.connect(Service.java:175)
	at javax.mail.Transport.send0(Transport.java:253)
	at javax.mail.Transport.send(Transport.java:124)
	at com.ebook.utils.EmailUtils.sendEmail(EmailUtils.java:50)
	at com.ebook.test.TestSendEmail.readProperties(TestSendEmail.java:95)
	at sun.reflect.NativeMethodAccessorImpl.invoke0(Native Method)
	at sun.reflect.NativeMethodAccessorImpl.invoke(Unknown Source)
	at sun.reflect.DelegatingMethodAccessorImpl.invoke(Unknown Source)
	at java.lang.reflect.Method.invoke(Unknown Source)
	at org.junit.runners.model.FrameworkMethod$1.runReflectiveCall(FrameworkMethod.java:47)
	at org.junit.internal.runners.model.ReflectiveCallable.run(ReflectiveCallable.java:12)
	at org.junit.runners.model.FrameworkMethod.invokeExplosively(FrameworkMethod.java:44)
	at org.junit.internal.runners.statements.InvokeMethod.evaluate(InvokeMethod.java:17)
	at org.junit.runners.ParentRunner.runLeaf(ParentRunner.java:271)
	at org.junit.runners.BlockJUnit4ClassRunner.runChild(BlockJUnit4ClassRunner.java:70)
	at org.junit.runners.BlockJUnit4ClassRunner.runChild(BlockJUnit4ClassRunner.java:50)
	at org.junit.runners.ParentRunner$3.run(ParentRunner.java:238)
	at org.junit.runners.ParentRunner$1.schedule(ParentRunner.java:63)
	at org.junit.runners.ParentRunner.runChildren(ParentRunner.java:236)
	at org.junit.runners.ParentRunner.access$000(ParentRunner.java:53)
	at org.junit.runners.ParentRunner$2.evaluate(ParentRunner.java:229)
	at org.junit.runners.ParentRunner.run(ParentRunner.java:309)
	at org.eclipse.jdt.internal.junit4.runner.JUnit4TestReference.run(JUnit4TestReference.java:50)
	at org.eclipse.jdt.internal.junit.runner.TestExecution.run(TestExecution.java:38)
	at org.eclipse.jdt.internal.junit.runner.RemoteTestRunner.runTests(RemoteTestRunner.java:459)
	at org.eclipse.jdt.internal.junit.runner.RemoteTestRunner.runTests(RemoteTestRunner.java:675)
	at org.eclipse.jdt.internal.junit.runner.RemoteTestRunner.run(RemoteTestRunner.java:382)
	at org.eclipse.jdt.internal.junit.runner.RemoteTestRunner.main(RemoteTestRunner.java:192)
Caused by: java.net.SocketTimeoutException: Read timed out
	at java.net.SocketInputStream.socketRead0(Native Method)
	at java.net.SocketInputStream.read(Unknown Source)
	at java.net.SocketInputStream.read(Unknown Source)
	at com.sun.mail.util.TraceInputStream.read(TraceInputStream.java:124)
	at java.io.BufferedInputStream.fill(Unknown Source)
	at java.io.BufferedInputStream.read(Unknown Source)
	at com.sun.mail.util.LineInputStream.readLine(LineInputStream.java:89)
	at com.sun.mail.smtp.SMTPTransport.readServerResponse(SMTPTransport.java:2207)
	... 32 more
[INFO ] 2017-02-16 15:17:03,174                                  root     - 发送成功。
[ERROR] 2017-02-16 15:17:42,542                                  root     - 用户名或密码错误！
javax.mail.AuthenticationFailedException: 535 Error: ÇëÊ¹ÓÃÊÚÈ¨ÂëµÇÂ¼¡£ÏêÇéÇë¿´: http://service.mail.qq.com/cgi-bin/help?subtype=1&&id=28&&no=1001256

	at com.sun.mail.smtp.SMTPTransport$Authenticator.authenticate(SMTPTransport.java:843)
	at com.sun.mail.smtp.SMTPTransport.authenticate(SMTPTransport.java:765)
	at com.sun.mail.smtp.SMTPTransport.protocolConnect(SMTPTransport.java:687)
	at javax.mail.Service.connect(Service.java:367)
	at javax.mail.Service.connect(Service.java:226)
	at javax.mail.Service.connect(Service.java:175)
	at javax.mail.Transport.send0(Transport.java:253)
	at javax.mail.Transport.send(Transport.java:124)
	at com.ebook.utils.EmailUtils.sendEmail(EmailUtils.java:50)
	at com.ebook.utils.EmailUtils.sendEmail(EmailUtils.java:101)
	at com.ebook.test.TestSendEmail.readProperties(TestSendEmail.java:96)
	at sun.reflect.NativeMethodAccessorImpl.invoke0(Native Method)
	at sun.reflect.NativeMethodAccessorImpl.invoke(Unknown Source)
	at sun.reflect.DelegatingMethodAccessorImpl.invoke(Unknown Source)
	at java.lang.reflect.Method.invoke(Unknown Source)
	at org.junit.runners.model.FrameworkMethod$1.runReflectiveCall(FrameworkMethod.java:47)
	at org.junit.internal.runners.model.ReflectiveCallable.run(ReflectiveCallable.java:12)
	at org.junit.runners.model.FrameworkMethod.invokeExplosively(FrameworkMethod.java:44)
	at org.junit.internal.runners.statements.InvokeMethod.evaluate(InvokeMethod.java:17)
	at org.junit.runners.ParentRunner.runLeaf(ParentRunner.java:271)
	at org.junit.runners.BlockJUnit4ClassRunner.runChild(BlockJUnit4ClassRunner.java:70)
	at org.junit.runners.BlockJUnit4ClassRunner.runChild(BlockJUnit4ClassRunner.java:50)
	at org.junit.runners.ParentRunner$3.run(ParentRunner.java:238)
	at org.junit.runners.ParentRunner$1.schedule(ParentRunner.java:63)
	at org.junit.runners.ParentRunner.runChildren(ParentRunner.java:236)
	at org.junit.runners.ParentRunner.access$000(ParentRunner.java:53)
	at org.junit.runners.ParentRunner$2.evaluate(ParentRunner.java:229)
	at org.junit.runners.ParentRunner.run(ParentRunner.java:309)
	at org.eclipse.jdt.internal.junit4.runner.JUnit4TestReference.run(JUnit4TestReference.java:50)
	at org.eclipse.jdt.internal.junit.runner.TestExecution.run(TestExecution.java:38)
	at org.eclipse.jdt.internal.junit.runner.RemoteTestRunner.runTests(RemoteTestRunner.java:459)
	at org.eclipse.jdt.internal.junit.runner.RemoteTestRunner.runTests(RemoteTestRunner.java:675)
	at org.eclipse.jdt.internal.junit.runner.RemoteTestRunner.run(RemoteTestRunner.java:382)
	at org.eclipse.jdt.internal.junit.runner.RemoteTestRunner.main(RemoteTestRunner.java:192)
[INFO ] 2017-02-16 15:17:42,548                                  root     - 发送成功。
[INFO ] 2017-02-16 16:19:51,456                                  root     - 开始连接。。。。。。。。。
[INFO ] 2017-02-16 16:21:18,631                                  root     - 开始连接。。。。。。。。。
[INFO ] 2017-02-16 16:21:39,431                                  root     - 开始连接。。。。。。。。。
[INFO ] 2017-02-16 16:21:40,264                                  root     - 开始发送。。。。。。。。。
[INFO ] 2017-02-16 16:21:41,257                                  root     - 发送成功。
[ERROR] 2017-02-16 16:26:22,479                                  root     - 用户名或密码错误！
javax.mail.AuthenticationFailedException: failed to connect, no password specified?
	at javax.mail.Service.connect(Service.java:379)
	at javax.mail.Service.connect(Service.java:226)
	at javax.mail.Service.connect(Service.java:175)
	at javax.mail.Transport.send0(Transport.java:253)
	at javax.mail.Transport.send(Transport.java:124)
	at com.ebook.utils.EmailUtils.sendEmail(EmailUtils.java:50)
	at com.ebook.utils.EmailUtils.sendEmail(EmailUtils.java:101)
	at com.ebook.test.TestSendEmail.readProperties(TestSendEmail.java:102)
	at sun.reflect.NativeMethodAccessorImpl.invoke0(Native Method)
	at sun.reflect.NativeMethodAccessorImpl.invoke(Unknown Source)
	at sun.reflect.DelegatingMethodAccessorImpl.invoke(Unknown Source)
	at java.lang.reflect.Method.invoke(Unknown Source)
	at org.junit.runners.model.FrameworkMethod$1.runReflectiveCall(FrameworkMethod.java:47)
	at org.junit.internal.runners.model.ReflectiveCallable.run(ReflectiveCallable.java:12)
	at org.junit.runners.model.FrameworkMethod.invokeExplosively(FrameworkMethod.java:44)
	at org.junit.internal.runners.statements.InvokeMethod.evaluate(InvokeMethod.java:17)
	at org.junit.runners.ParentRunner.runLeaf(ParentRunner.java:271)
	at org.junit.runners.BlockJUnit4ClassRunner.runChild(BlockJUnit4ClassRunner.java:70)
	at org.junit.runners.BlockJUnit4ClassRunner.runChild(BlockJUnit4ClassRunner.java:50)
	at org.junit.runners.ParentRunner$3.run(ParentRunner.java:238)
	at org.junit.runners.ParentRunner$1.schedule(ParentRunner.java:63)
	at org.junit.runners.ParentRunner.runChildren(ParentRunner.java:236)
	at org.junit.runners.ParentRunner.access$000(ParentRunner.java:53)
	at org.junit.runners.ParentRunner$2.evaluate(ParentRunner.java:229)
	at org.junit.runners.ParentRunner.run(ParentRunner.java:309)
	at org.eclipse.jdt.internal.junit4.runner.JUnit4TestReference.run(JUnit4TestReference.java:50)
	at org.eclipse.jdt.internal.junit.runner.TestExecution.run(TestExecution.java:38)
	at org.eclipse.jdt.internal.junit.runner.RemoteTestRunner.runTests(RemoteTestRunner.java:459)
	at org.eclipse.jdt.internal.junit.runner.RemoteTestRunner.runTests(RemoteTestRunner.java:675)
	at org.eclipse.jdt.internal.junit.runner.RemoteTestRunner.run(RemoteTestRunner.java:382)
	at org.eclipse.jdt.internal.junit.runner.RemoteTestRunner.main(RemoteTestRunner.java:192)
[INFO ] 2017-02-16 16:26:22,482                                  root     - 发送成功。
[INFO ] 2017-02-16 16:36:12,642                                  root     - 发送成功。
[INFO ] 2017-02-16 16:42:14,076                                  root     - 发送成功。
